<?xml version="1.0" encoding="UTF-8"?>
<testng-results ignored="0" total="2" passed="2" failed="0" skipped="0">
  <reporter-output>
  </reporter-output>
  <suite started-at="2024-02-08T12:44:46 IST" name="Expo_project" finished-at="2024-02-08T12:45:11 IST" duration-ms="25137">
    <groups>
    </groups>
    <test started-at="2024-02-08T12:44:46 IST" name="Expo_project" finished-at="2024-02-08T12:45:11 IST" duration-ms="25137">
      <class name="test_cases.Login_TC">
        <test-method is-config="true" signature="browser_setup(java.lang.String)[pri:0, instance:test_cases.Login_TC@20b12f8a]" started-at="2024-02-08T12:44:46 IST" name="browser_setup" finished-at="2024-02-08T12:44:48 IST" duration-ms="1564" status="PASS">
          <params>
            <param index="0">
              <value>
                <![CDATA[chrome]]>
              </value>
            </param>
          </params>
          <reporter-output>
          </reporter-output>
        </test-method> <!-- browser_setup -->
        <test-method is-config="true" signature="server_setup(java.lang.String)[pri:0, instance:test_cases.Login_TC@20b12f8a]" started-at="2024-02-08T12:44:48 IST" name="server_setup" finished-at="2024-02-08T12:44:59 IST" duration-ms="11400" status="PASS">
          <params>
            <param index="0">
              <value>
                <![CDATA[auth_server]]>
              </value>
            </param>
          </params>
          <reporter-output>
          </reporter-output>
        </test-method> <!-- server_setup -->
        <test-method signature="Verify_valid_auth_Login()[pri:1, instance:test_cases.Login_TC@20b12f8a]" started-at="2024-02-08T12:44:59 IST" name="Verify_valid_auth_Login" finished-at="2024-02-08T12:45:04 IST" duration-ms="4482" status="PASS">
          <reporter-output>
          </reporter-output>
        </test-method> <!-- Verify_valid_auth_Login -->
        <test-method is-config="true" signature="screenShot(org.testng.ITestResult)[pri:0, instance:test_cases.Login_TC@20b12f8a]" started-at="2024-02-08T12:45:04 IST" name="screenShot" finished-at="2024-02-08T12:45:04 IST" duration-ms="2" status="PASS">
          <params>
            <param index="0">
              <value>
                <![CDATA[[TestResult name=Verify_valid_auth_Login status=SUCCESS method=Login_TC.Verify_valid_auth_Login()[pri:1, instance:test_cases.Login_TC@20b12f8a] output={null}]]]>
              </value>
            </param>
          </params>
          <reporter-output>
          </reporter-output>
        </test-method> <!-- screenShot -->
        <test-method signature="Verify_auth_logout()[pri:2, instance:test_cases.Login_TC@20b12f8a]" started-at="2024-02-08T12:45:04 IST" name="Verify_auth_logout" finished-at="2024-02-08T12:45:11 IST" duration-ms="7430" status="PASS">
          <reporter-output>
          </reporter-output>
        </test-method> <!-- Verify_auth_logout -->
        <test-method is-config="true" signature="screenShot(org.testng.ITestResult)[pri:0, instance:test_cases.Login_TC@20b12f8a]" started-at="2024-02-08T12:45:11 IST" name="screenShot" finished-at="2024-02-08T12:45:11 IST" duration-ms="0" status="PASS">
          <params>
            <param index="0">
              <value>
                <![CDATA[[TestResult name=Verify_auth_logout status=SUCCESS method=Login_TC.Verify_auth_logout()[pri:2, instance:test_cases.Login_TC@20b12f8a] output={null}]]]>
              </value>
            </param>
          </params>
          <reporter-output>
          </reporter-output>
        </test-method> <!-- screenShot -->
        <test-method is-config="true" signature="tearDown()[pri:0, instance:test_cases.Login_TC@20b12f8a]" started-at="2024-02-08T12:45:11 IST" name="tearDown" finished-at="2024-02-08T12:45:11 IST" duration-ms="0" status="PASS">
          <reporter-output>
          </reporter-output>
        </test-method> <!-- tearDown -->
      </class> <!-- test_cases.Login_TC -->
    </test> <!-- Expo_project -->
  </suite> <!-- Expo_project -->
</testng-results>
